0 info it worked if it ends with ok
1 verbose cli [ 'node', '/usr/local/bin/npm', 'install', 'ya-csv' ]
2 info using npm@1.4.14
3 info using node@v0.10.29
4 verbose readDependencies using package.json deps
5 verbose cache add [ 'ya-csv@^0.9.4', null ]
6 verbose cache add name=undefined spec="ya-csv@^0.9.4" args=["ya-csv@^0.9.4",null]
7 verbose parsed url { protocol: null,
7 verbose parsed url   slashes: null,
7 verbose parsed url   auth: null,
7 verbose parsed url   host: null,
7 verbose parsed url   port: null,
7 verbose parsed url   hostname: null,
7 verbose parsed url   hash: null,
7 verbose parsed url   search: null,
7 verbose parsed url   query: null,
7 verbose parsed url   pathname: 'ya-csv@^0.9.4',
7 verbose parsed url   path: 'ya-csv@^0.9.4',
7 verbose parsed url   href: 'ya-csv@^0.9.4' }
8 verbose cache add name="ya-csv" spec="^0.9.4" args=["ya-csv","^0.9.4"]
9 verbose parsed url { protocol: null,
9 verbose parsed url   slashes: null,
9 verbose parsed url   auth: null,
9 verbose parsed url   host: null,
9 verbose parsed url   port: null,
9 verbose parsed url   hostname: null,
9 verbose parsed url   hash: null,
9 verbose parsed url   search: null,
9 verbose parsed url   query: null,
9 verbose parsed url   pathname: '^0.9.4',
9 verbose parsed url   path: '^0.9.4',
9 verbose parsed url   href: '^0.9.4' }
10 verbose addNamed [ 'ya-csv', '^0.9.4' ]
11 verbose addNamed [ null, '>=0.9.4-0 <0.10.0-0' ]
12 silly lockFile 424e2b51-ya-csv-0-9-4 ya-csv@^0.9.4
13 verbose lock ya-csv@^0.9.4 /Users/adriangreen/.npm/424e2b51-ya-csv-0-9-4.lock
14 silly addNameRange { name: 'ya-csv', range: '>=0.9.4-0 <0.10.0-0', hasData: false }
15 verbose url raw ya-csv
16 verbose url resolving [ 'https://registry.npmjs.org/', './ya-csv' ]
17 verbose url resolved https://registry.npmjs.org/ya-csv
18 info trying registry request attempt 1 at 11:33:58
19 verbose etag "4IEBB7UKVPEBAPVM57P6A8IKI"
20 http GET https://registry.npmjs.org/ya-csv
21 http 304 https://registry.npmjs.org/ya-csv
22 silly registry.get cb [ 304,
22 silly registry.get   { date: 'Tue, 13 Jan 2015 16:34:02 GMT',
22 silly registry.get     server: 'Apache',
22 silly registry.get     via: '1.1 varnish',
22 silly registry.get     'last-modified': 'Tue, 13 Jan 2015 16:34:02 GMT',
22 silly registry.get     'cache-control': 'max-age=60',
22 silly registry.get     etag: '"4IEBB7UKVPEBAPVM57P6A8IKI"',
22 silly registry.get     age: '0',
22 silly registry.get     'x-served-by': 'cache-jfk1032-JFK',
22 silly registry.get     'x-cache': 'MISS',
22 silly registry.get     'x-cache-hits': '0',
22 silly registry.get     'x-timer': 'S1421166842.227022,VS0,VE28',
22 silly registry.get     vary: 'Accept',
22 silly registry.get     'content-length': '0',
22 silly registry.get     'keep-alive': 'timeout=10, max=50',
22 silly registry.get     connection: 'Keep-Alive' } ]
23 verbose etag ya-csv from cache
24 silly addNameRange number 2 { name: 'ya-csv', range: '>=0.9.4-0 <0.10.0-0', hasData: true }
25 silly addNameRange versions [ 'ya-csv',
25 silly addNameRange   [ '0.1.0',
25 silly addNameRange     '0.1.1',
25 silly addNameRange     '0.1.2',
25 silly addNameRange     '0.1.3',
25 silly addNameRange     '0.1.4',
25 silly addNameRange     '0.1.5',
25 silly addNameRange     '0.1.6',
25 silly addNameRange     '0.1.7',
25 silly addNameRange     '0.1.8',
25 silly addNameRange     '0.1.9',
25 silly addNameRange     '0.9.0',
25 silly addNameRange     '0.9.1',
25 silly addNameRange     '0.9.2',
25 silly addNameRange     '0.9.3',
25 silly addNameRange     '0.9.4' ] ]
26 verbose addNamed [ 'ya-csv', '0.9.4' ]
27 verbose addNamed [ '0.9.4', '0.9.4' ]
28 silly lockFile 92bebe25-ya-csv-0-9-4 ya-csv@0.9.4
29 verbose lock ya-csv@0.9.4 /Users/adriangreen/.npm/92bebe25-ya-csv-0-9-4.lock
30 silly lockFile 92bebe25-ya-csv-0-9-4 ya-csv@0.9.4
31 silly lockFile 92bebe25-ya-csv-0-9-4 ya-csv@0.9.4
32 silly lockFile 424e2b51-ya-csv-0-9-4 ya-csv@^0.9.4
33 silly lockFile 424e2b51-ya-csv-0-9-4 ya-csv@^0.9.4
34 silly resolved [ { name: 'ya-csv',
34 silly resolved     description: 'CSV parser and generator for Node.js',
34 silly resolved     version: '0.9.4',
34 silly resolved     keywords: [ 'node', 'csv', 'parser' ],
34 silly resolved     author:
34 silly resolved      { name: 'Pavel Kolesnikov',
34 silly resolved        email: 'pavel.kolesnikov@gmail.com' },
34 silly resolved     licenses: [ [Object] ],
34 silly resolved     repository: { type: 'git', url: 'http://github.com/koles/ya-csv' },
34 silly resolved     bugs: { url: 'http://github.com/koles/ya-csv/issues' },
34 silly resolved     directories: { lib: './lib', test: './test' },
34 silly resolved     bin: { 'csv-reshuffle': './bin/reshuffle.js' },
34 silly resolved     dependencies: {},
34 silly resolved     engines: { node: '>=0.2.3' },
34 silly resolved     main: 'lib/ya-csv',
34 silly resolved     homepage: 'https://github.com/koles/ya-csv',
34 silly resolved     _id: 'ya-csv@0.9.4',
34 silly resolved     dist:
34 silly resolved      { shasum: '9dda99bbd91d59477123943eff107634a6f7eb63',
34 silly resolved        tarball: 'http://registry.npmjs.org/ya-csv/-/ya-csv-0.9.4.tgz' },
34 silly resolved     _from: 'ya-csv@^0.9.4',
34 silly resolved     _npmVersion: '1.3.21',
34 silly resolved     _npmUser: { name: 'koles', email: 'pavel.kolesnikov@gmail.com' },
34 silly resolved     maintainers: [ [Object] ],
34 silly resolved     _shasum: '9dda99bbd91d59477123943eff107634a6f7eb63',
34 silly resolved     _resolved: 'https://registry.npmjs.org/ya-csv/-/ya-csv-0.9.4.tgz',
34 silly resolved     readme: 'ERROR: No README data found!' } ]
35 info install ya-csv@0.9.4 into /Users/adriangreen/Downloads/working_files/dashboard0814/newer/angular-express-seed
36 info installOne ya-csv@0.9.4
37 info /Users/adriangreen/Downloads/working_files/dashboard0814/newer/angular-express-seed/node_modules/ya-csv unbuild
38 info preuninstall ya-csv@0.9.4
39 info uninstall ya-csv@0.9.4
40 verbose true,/Users/adriangreen/Downloads/working_files/dashboard0814/newer/angular-express-seed/node_modules,/Users/adriangreen/Downloads/working_files/dashboard0814/newer/angular-express-seed/node_modules unbuild ya-csv@0.9.4
41 verbose /Users/adriangreen/Downloads/working_files/dashboard0814/newer/angular-express-seed/node_modules/.bin,[object Object] binRoot
42 info /Users/adriangreen/Downloads/working_files/dashboard0814/newer/angular-express-seed/node_modules/ya-csv unbuild
43 info preuninstall ya-csv@0.9.4
44 info uninstall ya-csv@0.9.4
45 verbose true,/Users/adriangreen/Downloads/working_files/dashboard0814/newer/angular-express-seed/node_modules,/Users/adriangreen/Downloads/working_files/dashboard0814/newer/angular-express-seed/node_modules unbuild ya-csv@0.9.4
46 verbose /Users/adriangreen/Downloads/working_files/dashboard0814/newer/angular-express-seed/node_modules/.bin,[object Object] binRoot
47 error error rolling back Error: EACCES, unlink '/Users/adriangreen/Downloads/working_files/dashboard0814/newer/angular-express-seed/node_modules/.bin/csv-reshuffle'
47 error error rolling back  ya-csv@0.9.4 { [Error: EACCES, unlink '/Users/adriangreen/Downloads/working_files/dashboard0814/newer/angular-express-seed/node_modules/.bin/csv-reshuffle']
47 error error rolling back   errno: 3,
47 error error rolling back   code: 'EACCES',
47 error error rolling back   path: '/Users/adriangreen/Downloads/working_files/dashboard0814/newer/angular-express-seed/node_modules/.bin/csv-reshuffle' }
48 error Error: EACCES, unlink '/Users/adriangreen/Downloads/working_files/dashboard0814/newer/angular-express-seed/node_modules/.bin/csv-reshuffle'
48 error  { [Error: EACCES, unlink '/Users/adriangreen/Downloads/working_files/dashboard0814/newer/angular-express-seed/node_modules/.bin/csv-reshuffle']
48 error   errno: 3,
48 error   code: 'EACCES',
48 error   path: '/Users/adriangreen/Downloads/working_files/dashboard0814/newer/angular-express-seed/node_modules/.bin/csv-reshuffle' }
49 error Please try running this command again as root/Administrator.
50 error System Darwin 13.4.0
51 error command "node" "/usr/local/bin/npm" "install" "ya-csv"
52 error cwd /Users/adriangreen/Downloads/working_files/dashboard0814/newer/angular-express-seed
53 error node -v v0.10.29
54 error npm -v 1.4.14
55 error path /Users/adriangreen/Downloads/working_files/dashboard0814/newer/angular-express-seed/node_modules/.bin/csv-reshuffle
56 error code EACCES
57 error errno 3
58 error stack Error: EACCES, unlink '/Users/adriangreen/Downloads/working_files/dashboard0814/newer/angular-express-seed/node_modules/.bin/csv-reshuffle'
59 verbose exit [ 3, true ]
